- / (:dir, size=41518953)
    - bcfwbq (:dir, size=37072768)
        - bsbpc (:dir, size=206932)
            - hlqptq.nrj (:file, size=191305)
            - lts.zjd (:file, size=15627)
        - gpbswq (:dir, size=13867150)
            - ctctt (:dir, size=490923)
                - hhmm (:dir, size=490923)
                    - brfjczv.lmr (:file, size=89761)
                    - gwqfwwp.ctl (:file, size=226384)
                    - pgsdmfj (:file, size=174778)
            - jcw (:dir, size=149585)
                - gpbswq.lbv (:file, size=149585)
            - jnh (:dir, size=6695733)
                - ctctt (:file, size=10840)
                - fzplg (:dir, size=2214585)
                    - lpn.vcl (:file, size=34828)
                    - svsgnbs (:dir, size=2179757)
                        - bvtl (:file, size=216427)
                        - gpbswq.qlg (:file, size=242012)
                        - gsmltmw (:dir, size=66467)
                            - pldhhjch (:file, size=66467)
                        - lpn.trp (:file, size=11388)
                        - lrr (:dir, size=1088689)
                            - ctctt (:dir, size=145394)
                                - phd.tvj (:file, size=145394)
                            - lpn (:dir, size=148504)
                                - svsgnbs (:dir, size=148504)
                                    - ctctt.vjd (:file, size=148504)
                            - lts.zjd (:file, size=16831)
                            - svsgnbs (:dir, size=245750)
                                - ggbhsgz.snc (:file, size=245750)
                            - tdpmdfgd (:dir, size=354741)
                                - cghfclv (:dir, size=49162)
                                    - shwslwsf.lww (:file, size=49162)
                                - mcfzvlvw (:dir, size=70065)
                                    - bsbswh (:dir, size=70065)
                                        - hqsdsp (:dir, size=70065)
                                            - pldhhjch (:file, size=70065)
                                - mdgvcgbc (:dir, size=235514)
                                    - dhfms.nwl (:file, size=235514)
                            - wct.njp (:file, size=177469)
                        - vwqlvj (:dir, size=554774)
                            - jwv.dqh (:file, size=269473)
                            - mglrchsr (:file, size=90324)
                            - rwgsvszh.jbf (:file, size=194977)
                - jvpc (:dir, size=639121)
                    - rdgqr (:dir, size=275985)
                        - qcjccsth (:dir, size=275985)
                            - rqwvslc (:dir, size=275985)
                                - pgqph.lcn (:file, size=275985)
                    - sspn (:dir, size=363136)
                        - gpbswq (:file, size=200316)
                        - pldhhjch (:file, size=162820)
                - lpn (:dir, size=277995)
                    - hlqptq.nrj (:file, size=277995)
                - mcz (:dir, size=3431883)
                    - fjtj (:dir, size=911941)
                        - fbwzn (:file, size=240610)
                        - hlqptq.nrj (:file, size=207688)
                        - lts.zjd (:file, size=150032)
                        - mcrgn (:file, size=48060)
                        - zqrnt.srf (:file, size=265551)
                    - gqfgrfqw.wtc (:file, size=157693)
                    - jqbpcd (:dir, size=1190085)
                        - ctctt.nbp (:file, size=256141)
                        - gpbswq (:dir, size=125791)
                            - ctctt (:file, size=125791)
                        - hmddcjdd.bmc (:file, size=78480)
                        - lpn (:file, size=31403)
                        - mvdfjzdr (:file, size=120619)
                        - nqgvl (:dir, size=577651)
                            - jrbfcvf.rqr (:file, size=174465)
                            - lts.zjd (:file, size=144210)
                            - rthpbmhr (:file, size=258976)
                    - lpn (:file, size=206235)
                    - mglrchsr (:file, size=54229)
                    - rthpbmhr (:file, size=238506)
                    - snr (:dir, size=185943)
                        - rthpbmhr.jhb (:file, size=185943)
                    - ztlrtgjl (:dir, size=487251)
                        - ntlzfsz.vjd (:file, size=232309)
                        - zhrds.nbp (:file, size=254942)
                - nczc (:file, size=48063)
                - rthpbmhr.qwq (:file, size=8024)
                - vqgbgm (:file, size=65222)
            - lts.zjd (:file, size=53143)
            - qrrjgdbd (:dir, size=170768)
                - gpbswq (:dir, size=170768)
                    - rthpbmhr.qwf (:file, size=170768)
            - tnsjg (:dir, size=6306998)
                - bjmgvmp.hht (:file, size=242206)
                - frtdp (:file, size=245356)
                - jrflhz (:dir, size=1544176)
                    - gpbswq (:dir, size=121401)
                        - mglrchsr (:file, size=121401)
                    - nnlzjwts (:dir, size=416225)
                        - gljnss (:dir, size=181850)
                            - cfjbd.fmj (:file, size=181850)
                        - lts.zjd (:file, size=165011)
                        - svsgnbs.bqm (:file, size=69364)
                    - sctf (:dir, size=1006550)
                        - gqfgrfqw.wtc (:file, size=109435)
                        - lpn.mbs (:file, size=146343)
                        - svsgnbs.hbf (:file, size=255948)
                        - vdrfwqwv.pzf (:file, size=231472)
                        - zgzj (:file, size=263352)
                - lpn (:file, size=128115)
                - rfhs (:file, size=120081)
                - sfplvt (:dir, size=215395)
                    - hlqptq.nrj (:file, size=51580)
                    - mldph (:dir, size=163815)
                        - hsnw (:file, size=163815)
                - tts (:dir, size=3697504)
                    - ctctt (:dir, size=409949)
                        - ctctt (:dir, size=89470)
                            - hlqptq.nrj (:file, size=89470)
                        - hshpfwl (:file, size=137333)
                        - srd (:file, size=183146)
                    - rpm (:file, size=211239)
                    - rthpbmhr (:dir, size=561724)
                        - fhjlbrmp.phd (:file, size=139569)
                        - jvrs.bpj (:file, size=223589)
                        - rthpbmhr.qdr (:file, size=198566)
                    - wpnnrzb (:dir, size=2514592)
                        - ctctt (:dir, size=1057400)
                            - gcjt.wld (:file, size=166551)
                            - gpbswq.mls (:file, size=233189)
                            - rthpbmhr.rvz (:file, size=193694)
                            - svsgnbs (:dir, size=463966)
                                - fpssfvd.zft (:file, size=248185)
                                - rwtg.gch (:file, size=215781)
                        - fjtcc (:file, size=158058)
                        - jqqhgjv (:dir, size=1064612)
                            - gpbswq (:dir, size=429822)
                                - sqchbqc (:dir, size=253613)
                                    - cphf (:dir, size=253613)
                                        - snzbgfs.rjf (:file, size=253613)
                                - vdq.jbz (:file, size=176209)
                            - lts.zjd (:file, size=14842)
                            - mqp (:dir, size=10090)
                                - mfw (:file, size=10090)
                            - pldhhjch (:file, size=258342)
                            - sddj.sbq (:file, size=103492)
                            - svsgnbs (:file, size=248024)
                        - qvbvvb (:dir, size=218093)
                            - mzw (:dir, size=98994)
                                - mmv.hcl (:file, size=98994)
                            - svsgnbs (:dir, size=119099)
                                - lts.zjd (:file, size=108748)
                                - mglrchsr (:file, size=10351)
                        - wds.hpj (:file, size=16429)
                - zfl.ccr (:file, size=114165)
        - lpn.qjd (:file, size=172204)
        - lts.zjd (:file, size=269121)
        - pfps (:dir, size=351429)
            - cpp (:dir, size=120225)
                - htnmrjpq (:dir, size=120225)
                    - bdjmsbg.wfz (:file, size=120225)
            - mglrchsr (:file, size=110535)
            - qvh.fbm (:file, size=120669)
        - phvgmv (:dir, size=144721)
            - pldhhjch (:file, size=113550)
            - zcfm (:file, size=31171)
        - pjcrwh (:dir, size=265625)
            - snbjdmg.jtn (:file, size=265625)
        - pvf (:dir, size=439702)
            - ctctt (:file, size=91010)
            - hdz (:dir, size=103787)
                - rlnrs (:file, size=103787)
            - qtwfpmvz (:dir, size=244905)
                - lts.zjd (:file, size=244905)
        - rthpbmhr (:dir, size=9566247)
            - phq (:dir, size=5599122)
                - bzfnqh (:file, size=91709)
                - ccwqrjn (:dir, size=722269)
                    - fffqzmqp (:file, size=8953)
                    - ftnb (:dir, size=226615)
                        - rthpbmhr (:file, size=226615)
                    - svsgnbs (:dir, size=486701)
                        - bhnnm (:dir, size=99285)
                            - prfqw (:dir, size=99285)
                                - hzsjlq (:dir, size=99285)
                                    - cfpwbvp (:file, size=99285)
                        - tjrqtmd (:dir, size=387416)
                            - cqr.wfj (:file, size=237461)
                            - zchnb (:file, size=149955)
                - gpbswq (:dir, size=1880703)
                    - bqqtnfb (:dir, size=320674)
                        - jnzfr (:dir, size=320674)
                            - bdrqmr (:dir, size=151767)
                                - vfw.jjc (:file, size=151767)
                            - pldhhjch (:file, size=168907)
                    - ctctt (:dir, size=77208)
                        - zdsshmr (:dir, size=77208)
                            - hlqptq.nrj (:file, size=77208)
                    - gpbswq (:file, size=261108)
                    - hnrflng (:file, size=135193)
                    - jrp.bls (:file, size=264503)
                    - mghhgrj.tgp (:file, size=224864)
                    - pljbtbn (:dir, size=167985)
                        - hlqptq.nrj (:file, size=63719)
                        - jjctg.dhw (:file, size=103719)
                        - tljz.wnv (:file, size=547)
                    - rthpbmhr (:dir, size=184946)
                        - sjbfhcpc (:dir, size=184946)
                            - sgpgszw (:file, size=184946)
                    - svsgnbs.rzp (:file, size=244222)
                - svsgnbs (:dir, size=2904441)
                    - ctctt (:dir, size=1271765)
                        - cnf (:file, size=11507)
                        - gpbswq (:dir, size=584728)
                            - dsg (:file, size=173498)
                            - msvs.szd (:file, size=202811)
                            - pldhhjch (:file, size=208419)
                        - rthpbmhr.wzv (:file, size=87778)
                        - slmbb (:dir, size=247259)
                            - jcth (:dir, size=6106)
                                - hlqptq.nrj (:file, size=6106)
                            - njldhbln (:dir, size=241153)
                                - mvnvzqfc.rtn (:file, size=241153)
                        - sqc (:dir, size=264937)
                            - zhrc (:dir, size=264937)
                                - qswqqzb (:dir, size=264937)
                                    - btqmqn.hqv (:file, size=264937)
                        - wsbzwn.mpf (:file, size=75556)
                    - flzsvb (:dir, size=58735)
                        - hlqptq.nrj (:file, size=58735)
                    - pbw (:dir, size=988336)
                        - bgfmdg (:file, size=80787)
                        - gqfgrfqw.wtc (:file, size=234807)
                        - pldhhjch (:file, size=44816)
                        - qjjpmq (:dir, size=337753)
                            - ctghhsdh (:file, size=155209)
                            - fprdp.ffs (:file, size=182544)
                        - rthpbmhr (:dir, size=136673)
                            - lts.zjd (:file, size=136673)
                        - ssmdz (:file, size=153500)
                    - qprlnvwv.jmz (:file, size=23408)
                    - wjhplc (:dir, size=562197)
                        - hhcgnfjb.nbl (:file, size=246593)
                        - hlqptq.nrj (:file, size=29266)
                        - lts.zjd (:file, size=246096)
                        - rrfgvvhg (:file, size=40242)
            - svsgnbs (:dir, size=1229721)
                - fwm (:file, size=215743)
                - gqfgrfqw.wtc (:file, size=236816)
                - sjdlr.rzj (:file, size=235185)
                - ztsgb (:dir, size=541977)
                    - rthpbmhr.pdp (:file, size=265998)
                    - zqfcprz.wtd (:file, size=275979)
            - wzwfz (:dir, size=1333480)
                - bsqwtf (:dir, size=352193)
                    - rhjb (:dir, size=166599)
                        - rthpbmhr.msg (:file, size=166599)
                    - sgzvb (:dir, size=185594)
                        - zmnb.bcq (:file, size=185594)
                - ctctt (:dir, size=390099)
                    - svsgnbs (:file, size=130367)
                    - tdsztr.fsn (:file, size=17459)
                    - wfs (:file, size=242273)
                - lpng (:dir, size=145778)
                    - snmcwfg.hjz (:file, size=145778)
                - svsgnbs (:dir, size=445410)
                    - ctctt (:dir, size=244171)
                        - pldhhjch (:file, size=244171)
                    - nqrlzg (:dir, size=141943)
                        - qjhlj (:dir, size=141943)
                            - gncct (:dir, size=141943)
                                - wsdgmdd.ctz (:file, size=141943)
                    - qczmdfm (:dir, size=4482)
                        - lpn.fmp (:file, size=4482)
                    - wtmjh.jdv (:file, size=54814)
            - zpwfj (:dir, size=1403924)
                - lts.zjd (:file, size=226995)
                - sflcgdm (:dir, size=1176929)
                    - bjrjrrm.bfw (:file, size=199168)
                    - fpcq (:dir, size=195792)
                        - nghcc.wps (:file, size=195792)
                    - gdzfmhz.jhp (:file, size=24906)
                    - hdpzvh.ngg (:file, size=7267)
                    - jjsgqb (:dir, size=612000)
                        - ctctt (:file, size=18774)
                        - jvbgfhs (:file, size=106399)
                        - rthpbmhr (:file, size=208035)
                        - zptz (:dir, size=278792)
                            - gqfgrfqw.wtc (:file, size=278792)
                    - psws.hvp (:file, size=137796)
        - sjnvdz (:dir, size=11789637)
            - fchgggp (:dir, size=3870490)
                - fjcclj (:dir, size=287009)
                    - gpbswq.vtg (:file, size=28333)
                    - lts.zjd (:file, size=258676)
                - lpn (:dir, size=197797)
                    - pldhhjch (:file, size=197797)
                - lts.zjd (:file, size=145291)
                - mglrchsr (:file, size=7288)
                - pmhdzvfn (:dir, size=2998251)
                    - gpbswq.pwq (:file, size=21538)
                    - hqjg (:file, size=5451)
                    - llhp (:dir, size=625073)
                        - lsft (:dir, size=439932)
                            - gpbswq.ddb (:file, size=78424)
                            - gqfgrfqw.wtc (:file, size=101497)
                            - hlqptq.nrj (:file, size=137686)
                            - mglrchsr (:file, size=122325)
                        - pfjmphs (:dir, size=185141)
                            - mbw.gnd (:file, size=185141)
                    - lzqmh.stl (:file, size=220717)
                    - pldhhjch (:file, size=123800)
                    - pmv (:dir, size=412137)
                        - gqfgrfqw.wtc (:file, size=139255)
                        - hlqptq.nrj (:file, size=272882)
                    - rzs (:dir, size=1109047)
                        - gpbswq (:dir, size=205674)
                            - ctctt.gqd (:file, size=205674)
                        - gpbswq.vcv (:file, size=89153)
                        - gqfgrfqw.wtc (:file, size=81882)
                        - hlqptq.nrj (:file, size=39252)
                        - tmcm (:dir, size=693086)
                            - gmjvzj.wzl (:file, size=156591)
                            - lts.zjd (:file, size=199254)
                            - vzhbsdd (:dir, size=113515)
                                - gsgzqgn.fhf (:file, size=70059)
                                - hrttvrqc (:file, size=43456)
                            - zfs (:dir, size=223726)
                                - hlqptq.nrj (:file, size=223726)
                    - tztv (:dir, size=320470)
                        - lpn.bns (:file, size=200126)
                        - wfjwmbj (:dir, size=120344)
                            - gdqgml.gdn (:file, size=120344)
                    - zfvgjtzr.qth (:file, size=160018)
                - qtpdfwh (:dir, size=27659)
                    - qszjt (:dir, size=27659)
                        - rthpbmhr.rpv (:file, size=7207)
                        - ztdnfmgp.dsb (:file, size=20452)
                - vjwtvb (:dir, size=207195)
                    - scswlmn (:dir, size=207195)
                        - svsgnbs.jqq (:file, size=207195)
            - gldg (:dir, size=1319857)
                - ctctt.wbc (:file, size=119560)
                - gqfgrfqw.wtc (:file, size=203041)
                - hrp (:dir, size=314410)
                    - lpn (:dir, size=314410)
                        - gpbswq (:dir, size=231107)
                            - vtgc (:dir, size=231107)
                                - hlqptq.nrj (:file, size=231107)
                        - wvrzhdb (:dir, size=83303)
                            - lts.zjd (:file, size=83303)
                - lts.zjd (:file, size=274270)
                - mhsfdhjr.ndw (:file, size=25081)
                - svsgnbs (:dir, size=383495)
                    - fhfqlv (:dir, size=243574)
                        - hjn.jzb (:file, size=243574)
                    - frn.hzg (:file, size=13446)
                    - wmjjjl.cjr (:file, size=126475)
            - gnh.gmv (:file, size=40164)
            - lpn (:dir, size=6213301)
                - mqglznd (:dir, size=6213301)
                    - gpbswq (:dir, size=4558251)
                        - lts.zjd (:file, size=244278)
                        - pfrjwbvl (:dir, size=3847317)
                            - cfl.ljt (:file, size=46802)
                            - ctctt (:dir, size=397405)
                                - hctcg.dpw (:file, size=6529)
                                - lpn.qjf (:file, size=188655)
                                - wjnb (:file, size=202221)
                            - dfqzmd (:dir, size=197980)
                                - ctctt (:file, size=197980)
                            - gshdhsfm (:file, size=110525)
                            - jcbw (:dir, size=115210)
                                - gpbswq (:file, size=1281)
                                - jfgjlcd.mqh (:file, size=15778)
                                - mdtcrb.dbj (:file, size=38803)
                                - qtjbpbs (:dir, size=59348)
                                    - mglrchsr (:file, size=59348)
                            - lpn (:dir, size=1388872)
                                - ctctt (:dir, size=135584)
                                    - wvbrsb (:dir, size=135584)
                                        - lts.zjd (:file, size=135584)
                                - hsjjp (:dir, size=992823)
                                    - ddfqnwgf (:file, size=249448)
                                    - dsnhsbp.wvv (:file, size=164051)
                                    - fmzgm (:dir, size=150025)
                                        - ngnqjcj.tbf (:file, size=150025)
                                    - gpbswq (:dir, size=315392)
                                        - dmgqhf.nzd (:file, size=33139)
                                        - gpbswq (:dir, size=148820)
                                            - lnqqds.rpg (:file, size=148820)
                                        - rwd (:dir, size=133433)
                                            - pldhhjch (:file, size=133433)
                                    - gqfgrfqw.wtc (:file, size=113907)
                                - mglrchsr (:file, size=260465)
                            - pldhhjch (:file, size=237385)
                            - prcwhhq.jjh (:file, size=15812)
                            - rthpbmhr (:dir, size=1076633)
                                - fdnr.svq (:file, size=262342)
                                - nbpsdm (:dir, size=417555)
                                    - rthpbmhr (:dir, size=267109)
                                        - chb (:file, size=267109)
                                    - svsgnbs (:dir, size=150446)
                                        - rlv.vcc (:file, size=150446)
                                - pldhhjch (:file, size=161791)
                                - qvclr (:file, size=6835)
                                - whf (:file, size=228110)
                            - zmgq (:file, size=260693)
                        - qlrfw (:dir, size=244165)
                            - sgcpwst (:dir, size=244165)
                                - fss (:dir, size=244165)
                                    - gpbswq.qtz (:file, size=244165)
                        - rthpbmhr (:file, size=222491)
                    - gpbswq.zhv (:file, size=177654)
                    - gqfgrfqw.wtc (:file, size=128217)
                    - hlqptq.nrj (:file, size=66750)
                    - hvphz (:file, size=136018)
                    - pswvwtf (:dir, size=700044)
                        - jhdrnv.zrd (:file, size=162099)
                        - mglrchsr (:file, size=54856)
                        - psdz (:dir, size=314036)
                            - lbcf (:dir, size=314036)
                                - ctctt.chv (:file, size=218770)
                                - pldhhjch (:file, size=95266)
                        - qhq (:file, size=169053)
                    - rthpbmhr.gwz (:file, size=113363)
                    - twddrn (:dir, size=333004)
                        - hlqptq.nrj (:file, size=120791)
                        - vffj (:file, size=212213)
            - njtgjt (:dir, size=108520)
                - mzwdb (:dir, size=108520)
                    - lts.zjd (:file, size=108520)
            - qqfm.grb (:file, size=81415)
            - vvcbjct (:dir, size=155890)
                - ctctt.fbw (:file, size=155890)
    - cmss (:file, size=14779)
    - ctctt (:dir, size=200255)
        - mpftwp.nds (:file, size=5656)
        - pldhhjch (:file, size=8998)
        - snrng.qsv (:file, size=185601)
    - gpbswq.njr (:file, size=101350)
    - mglrchsr (:file, size=270744)
    - qtvftbl (:file, size=260405)
    - rbsrpg (:dir, size=1423733)
        - cpwmjw.rbj (:file, size=113129)
        - jdhmlzr (:dir, size=1075642)
            - cdnmflmm (:dir, size=83138)
                - lpn.wtg (:file, size=83138)
            - hlqptq.nrj (:file, size=248055)
            - pldhhjch (:file, size=247942)
            - qrwsnzdv (:dir, size=197145)
                - zspfb.sbd (:file, size=197145)
            - svsgnbs (:file, size=80053)
            - zhqgvd.bhw (:file, size=219309)
        - sqj.fzp (:file, size=114254)
        - svsgnbs.hpn (:file, size=120708)
    - rzgnbgv (:dir, size=1835419)
        - clz (:file, size=208692)
        - tmcqcpfc (:dir, size=264726)
            - jtnf (:dir, size=264726)
                - fhvtvdff.swr (:file, size=242978)
                - lwcplzmw (:file, size=21748)
        - twlnjr (:dir, size=1362001)
            - ctctt (:dir, size=200382)
                - pqswsnhp (:file, size=200382)
            - gpbswq (:dir, size=90380)
                - qqrfbwn (:file, size=90380)
            - rthpbmhr.pcr (:file, size=98435)
            - snpm (:dir, size=57996)
                - swfjlfh.qft (:file, size=57996)
            - svsgnbs (:dir, size=809839)
                - clcfrnr.jwl (:file, size=86028)
                - ctctt.ftr (:file, size=199666)
                - ctctt.mrh (:file, size=200949)
                - dhlmbh.gjt (:file, size=23594)
                - mbchg (:file, size=278047)
                - pgfhp (:dir, size=21555)
                    - rlblnvsd (:file, size=21555)
            - zzd (:file, size=104969)
    - svsgnbs (:dir, size=183333)
        - jgjj.sgs (:file, size=155183)
        - pldhhjch (:file, size=28150)
    - wqctlzz (:dir, size=84585)
        - mglrchsr (:file, size=23662)
        - pldhhjch (:file, size=60923)
    - wrqbm (:file, size=71582)
